<?xml version="1.0" encoding="UTF-8"?>
<!-- Generated by org.testng.reporters.JUnitReportReporter -->
<testsuite hostname="VenkatM3IN" failures="0" tests="2" name="com.ar.testcases.ValidateAR" time="198.467" errors="0" timestamp="2022-01-03T11:54:15 IST" skipped="0">
  <testcase classname="com.ar.testcases.ValidateAR" name="TC_CreateUser_001" time="134.763"/>
  <system-out/>
  <testcase classname="com.ar.testcases.ValidateAR" name="TC_RunningAReportInAR_002" time="63.704"/>
  <system-out/>
</testsuite> <!-- com.ar.testcases.ValidateAR -->
