<?xml version="1.0" encoding="UTF-8"?>
<!-- Generated by org.testng.reporters.JUnitReportReporter -->
<testsuite hostname="VenkatM3IN" failures="0" tests="4" name="com.ar.testcases.ValidateAR" time="88.645" errors="0" timestamp="2022-01-03T22:54:26 IST" skipped="0">
  <testcase classname="com.ar.testcases.ValidateAR" name="TC_CreateUser_001" time="25.350"/>
  <system-out/>
  <testcase classname="com.ar.testcases.ValidateAR" name="TC_CreateUser_001" time="21.365"/>
  <system-out/>
  <testcase classname="com.ar.testcases.ValidateAR" name="TC_CreateUser_001" time="26.229"/>
  <system-out/>
  <testcase classname="com.ar.testcases.ValidateAR" name="TC_RunningAReportInAR_002" time="15.701"/>
  <system-out/>
</testsuite> <!-- com.ar.testcases.ValidateAR -->
