<?xml version="1.0" encoding="UTF-8"?>
<!-- Generated by org.testng.reporters.JUnitReportReporter -->
<testsuite hostname="VenkatM3IN" failures="0" tests="1" name="com.ar.testcases.TC_CreateUser_001" time="32.084" errors="0" timestamp="2022-01-01T14:49:38 IST" skipped="0">
  <testcase classname="com.ar.testcases.TC_CreateUser_001" name="createUser" time="32.084"/>
  <system-out/>
</testsuite> <!-- com.ar.testcases.TC_CreateUser_001 -->
