<?xml version="1.0" encoding="UTF-8"?>
<!-- Generated by org.testng.reporters.JUnitReportReporter -->
<testsuite hostname="VenkatM3IN" failures="0" tests="2" name="com.ar.testcases.ValidateAR" time="64.215" errors="0" timestamp="2022-01-03T18:00:28 IST" skipped="0">
  <testcase classname="com.ar.testcases.ValidateAR" name="TC_CreateUser_001" time="46.167"/>
  <system-out/>
  <testcase classname="com.ar.testcases.ValidateAR" name="TC_RunningAReportInAR_002" time="18.048"/>
  <system-out/>
</testsuite> <!-- com.ar.testcases.ValidateAR -->
