<?xml version="1.0" encoding="UTF-8"?>
<!-- Generated by org.testng.reporters.JUnitReportReporter -->
<testsuite hostname="VenkatM3IN" failures="0" tests="4" name="com.ar.testcases.TC_ValidateAdvancedReporting_001" time="92.434" errors="0" timestamp="2022-01-03T23:59:56 IST" skipped="0">
  <testcase classname="com.ar.testcases.TC_ValidateAdvancedReporting_001" name="CreateUser" time="22.207"/>
  <system-out/>
  <testcase classname="com.ar.testcases.TC_ValidateAdvancedReporting_001" name="CreateUser" time="30.006"/>
  <system-out/>
  <testcase classname="com.ar.testcases.TC_ValidateAdvancedReporting_001" name="CreateUser" time="22.674"/>
  <system-out/>
  <testcase classname="com.ar.testcases.TC_ValidateAdvancedReporting_001" name="RunningAReportInAR" time="17.547"/>
  <system-out/>
</testsuite> <!-- com.ar.testcases.TC_ValidateAdvancedReporting_001 -->
