<?xml version="1.0" encoding="UTF-8"?>
<!-- Generated by org.testng.reporters.JUnitReportReporter -->
<testsuite hostname="VenkatM3IN" failures="0" tests="4" name="com.ar.testcases.ValidateAR" time="107.327" errors="0" timestamp="2022-01-03T21:14:05 IST" skipped="0">
  <testcase classname="com.ar.testcases.ValidateAR" name="TC_CreateUser_001" time="27.702"/>
  <system-out/>
  <testcase classname="com.ar.testcases.ValidateAR" name="TC_CreateUser_001" time="23.035"/>
  <system-out/>
  <testcase classname="com.ar.testcases.ValidateAR" name="TC_CreateUser_001" time="40.838"/>
  <system-out/>
  <testcase classname="com.ar.testcases.ValidateAR" name="TC_RunningAReportInAR_002" time="15.752"/>
  <system-out/>
</testsuite> <!-- com.ar.testcases.ValidateAR -->
