<?xml version="1.0" encoding="UTF-8"?>
<!-- Generated by org.testng.reporters.JUnitReportReporter -->
<testsuite hostname="VenkatM3IN" failures="0" tests="2" name="com.ar.testcases.TC_CreateUser_001" time="41.865" errors="0" timestamp="2022-01-01T15:08:30 IST" skipped="0">
  <testcase classname="com.ar.testcases.TC_CreateUser_001" name="createUser" time="36.460"/>
  <system-out/>
  <testcase classname="com.ar.testcases.TC_CreateUser_001" name="TC_RunningAReportInAR" time="5.405"/>
  <system-out/>
</testsuite> <!-- com.ar.testcases.TC_CreateUser_001 -->
