<?xml version="1.0" encoding="UTF-8"?>
<!-- Generated by org.testng.reporters.JUnitReportReporter -->
<testsuite hostname="VenkatM3IN" failures="0" tests="5" name="com.ar.testcases.ValidateAR" time="0.222" errors="1" timestamp="2022-01-03T23:35:42 IST" skipped="4">
  <testcase classname="com.ar.testcases.ValidateAR" name="setUp" time="0.222">
    <error message="org/apache/commons/io/input/BOMInputStream" type="java.lang.NoClassDefFoundError">
      <![CDATA[java.lang.NoClassDefFoundError: org/apache/commons/io/input/BOMInputStream
at com.gargoylesoftware.htmlunit.WebClient.<clinit>(WebClient.java:163)
at org.openqa.selenium.htmlunit.HtmlUnitDriver.newWebClient(HtmlUnitDriver.java:510)
at org.openqa.selenium.htmlunit.HtmlUnitDriver.createWebClient(HtmlUnitDriver.java:389)
at org.openqa.selenium.htmlunit.HtmlUnitDriver.<init>(HtmlUnitDriver.java:229)
at org.openqa.selenium.htmlunit.HtmlUnitDriver.<init>(HtmlUnitDriver.java:219)
at org.openqa.selenium.htmlunit.HtmlUnitDriver.<init>(HtmlUnitDriver.java:209)
at org.openqa.selenium.htmlunit.HtmlUnitDriver.<init>(HtmlUnitDriver.java:199)
at com.ar.testcases.BaseClass.setUp(BaseClass.java:95)
at java.base/jdk.internal.reflect.NativeMethodAccessorImpl.invoke0(Native Method)
at java.base/jdk.internal.reflect.NativeMethodAccessorImpl.invoke(NativeMethodAccessorImpl.java:77)
at java.base/jdk.internal.reflect.DelegatingMethodAccessorImpl.invoke(DelegatingMethodAccessorImpl.java:43)
at java.base/java.lang.reflect.Method.invoke(Method.java:568)
at org.testng.internal.MethodInvocationHelper.invokeMethod(MethodInvocationHelper.java:133)
at org.testng.internal.MethodInvocationHelper.invokeMethodConsideringTimeout(MethodInvocationHelper.java:62)
at org.testng.internal.ConfigInvoker.invokeConfigurationMethod(ConfigInvoker.java:385)
at org.testng.internal.ConfigInvoker.invokeConfigurations(ConfigInvoker.java:321)
at org.testng.SuiteRunner.privateRun(SuiteRunner.java:317)
at org.testng.SuiteRunner.run(SuiteRunner.java:276)
at org.testng.SuiteRunnerWorker.runSuite(SuiteRunnerWorker.java:53)
at org.testng.SuiteRunnerWorker.run(SuiteRunnerWorker.java:96)
at org.testng.TestNG.runSuitesSequentially(TestNG.java:1212)
at org.testng.TestNG.runSuitesLocally(TestNG.java:1134)
at org.testng.TestNG.runSuites(TestNG.java:1063)
at org.testng.TestNG.run(TestNG.java:1031)
at org.testng.remote.AbstractRemoteTestNG.run(AbstractRemoteTestNG.java:115)
at org.testng.remote.RemoteTestNG.initAndRun(RemoteTestNG.java:251)
at org.testng.remote.RemoteTestNG.main(RemoteTestNG.java:77)
Caused by: java.lang.ClassNotFoundException: org.apache.commons.io.input.BOMInputStream
at java.base/jdk.internal.loader.BuiltinClassLoader.loadClass(BuiltinClassLoader.java:641)
at java.base/jdk.internal.loader.ClassLoaders$AppClassLoader.loadClass(ClassLoaders.java:188)
at java.base/java.lang.ClassLoader.loadClass(ClassLoader.java:520)
... 27 more
]]>
    </error>
  </testcase> <!-- setUp -->
  <system-out/>
  <testcase classname="com.ar.testcases.ValidateAR" name="TC_CreateUser_001" time="0.000">
    <skipped/>
  </testcase> <!-- TC_CreateUser_001 -->
  <system-out/>
  <testcase classname="com.ar.testcases.ValidateAR" name="TC_CreateUser_001" time="0.000">
    <skipped/>
  </testcase> <!-- TC_CreateUser_001 -->
  <system-out/>
  <testcase classname="com.ar.testcases.ValidateAR" name="TC_CreateUser_001" time="0.000">
    <skipped/>
  </testcase> <!-- TC_CreateUser_001 -->
  <system-out/>
  <testcase classname="com.ar.testcases.ValidateAR" name="TC_RunningAReportInAR_002" time="0.000">
    <skipped/>
  </testcase> <!-- TC_RunningAReportInAR_002 -->
  <system-out/>
</testsuite> <!-- com.ar.testcases.ValidateAR -->
