<?xml version="1.0" encoding="UTF-8"?>
<!-- Generated by org.testng.reporters.JUnitReportReporter -->
<testsuite hostname="VenkatM3IN" failures="0" tests="4" name="com.ar.testcases.ValidateAR" time="91.007" errors="0" timestamp="2022-01-03T21:57:46 IST" skipped="0">
  <testcase classname="com.ar.testcases.ValidateAR" name="TC_CreateUser_001" time="20.208"/>
  <system-out/>
  <testcase classname="com.ar.testcases.ValidateAR" name="TC_CreateUser_001" time="23.585"/>
  <system-out/>
  <testcase classname="com.ar.testcases.ValidateAR" name="TC_CreateUser_001" time="34.423"/>
  <system-out/>
  <testcase classname="com.ar.testcases.ValidateAR" name="TC_RunningAReportInAR_002" time="12.791"/>
  <system-out/>
</testsuite> <!-- com.ar.testcases.ValidateAR -->
