<?xml version="1.0" encoding="UTF-8"?>
<!-- Generated by org.testng.reporters.JUnitReportReporter -->
<testsuite hostname="VenkatM3IN" failures="0" tests="2" name="com.ar.testcases.ValidateAR" time="61.149" errors="0" timestamp="2022-01-03T12:57:26 IST" skipped="0">
  <testcase classname="com.ar.testcases.ValidateAR" name="TC_CreateUser_001" time="44.348"/>
  <system-out/>
  <testcase classname="com.ar.testcases.ValidateAR" name="TC_RunningAReportInAR_002" time="16.801"/>
  <system-out/>
</testsuite> <!-- com.ar.testcases.ValidateAR -->
