<?xml version="1.0" encoding="UTF-8"?>
<!-- Generated by org.testng.reporters.JUnitReportReporter -->
<testsuite hostname="VenkatM3IN" failures="0" tests="4" name="com.ar.testcases.ValidateAR" time="68.526" errors="0" timestamp="2022-01-03T23:21:44 IST" skipped="0">
  <testcase classname="com.ar.testcases.ValidateAR" name="TC_CreateUser_001" time="15.878"/>
  <system-out/>
  <testcase classname="com.ar.testcases.ValidateAR" name="TC_CreateUser_001" time="16.104"/>
  <system-out/>
  <testcase classname="com.ar.testcases.ValidateAR" name="TC_CreateUser_001" time="15.386"/>
  <system-out/>
  <testcase classname="com.ar.testcases.ValidateAR" name="TC_RunningAReportInAR_002" time="21.158"/>
  <system-out/>
</testsuite> <!-- com.ar.testcases.ValidateAR -->
